2025-10-14 10:02:31 - INFO - ================================================================================
2025-10-14 10:02:31 - INFO - BUY ORDER EXECUTED: ZKC/USDT:USDT
2025-10-14 10:02:31 - INFO - --------------------------------------------------------------------------------
2025-10-14 10:02:31 - INFO -   Order ID: 367487081682903041
2025-10-14 10:02:31 - INFO -   Type: MARKET
2025-10-14 10:02:31 - INFO -   Side: BUY
2025-10-14 10:02:31 - INFO -   Symbol: ZKC/USDT:USDT
2025-10-14 10:02:31 - INFO -   Amount: 1.75 contracts
2025-10-14 10:02:31 - INFO -   Leverage: 4x
2025-10-14 10:02:31 - INFO -   Reference Price: 0.18343
2025-10-14 10:02:31 - INFO -   Average Fill Price: 0.18345
2025-10-14 10:02:31 - INFO -   Filled Amount: 1.0
2025-10-14 10:02:31 - INFO -   Total Cost: 0.18345
2025-10-14 10:02:31 - INFO -   Status: closed
2025-10-14 10:02:31 - INFO -   Timestamp: 2025-10-14 10:02:29
2025-10-14 10:02:31 - INFO -   Slippage: 0.0109%
2025-10-14 10:02:31 - INFO - ================================================================================
2025-10-14 10:02:31 - INFO - 
2025-10-14 10:02:43 - INFO - ================================================================================
2025-10-14 10:02:43 - INFO - BUY ORDER EXECUTED: BTR/USDT:USDT
2025-10-14 10:02:43 - INFO - --------------------------------------------------------------------------------
2025-10-14 10:02:43 - INFO -   Order ID: 367487135013457921
2025-10-14 10:02:43 - INFO -   Type: MARKET
2025-10-14 10:02:43 - INFO -   Side: BUY
2025-10-14 10:02:43 - INFO -   Symbol: BTR/USDT:USDT
2025-10-14 10:02:43 - INFO -   Amount: 1.5 contracts
2025-10-14 10:02:43 - INFO -   Leverage: 2x
2025-10-14 10:02:43 - INFO -   Reference Price: 0.0565
2025-10-14 10:02:43 - INFO -   Average Fill Price: 0.0565
2025-10-14 10:02:43 - INFO -   Status: None
2025-10-14 10:02:43 - INFO -   Timestamp: N/A
2025-10-14 10:02:43 - INFO - ================================================================================
2025-10-14 10:02:43 - INFO - 
2025-10-14 10:02:57 - INFO - ================================================================================
2025-10-14 10:02:57 - INFO - BUY ORDER EXECUTED: TANSSI/USDT:USDT
2025-10-14 10:02:57 - INFO - --------------------------------------------------------------------------------
2025-10-14 10:02:57 - INFO -   Order ID: 367487190709592064
2025-10-14 10:02:57 - INFO -   Type: MARKET
2025-10-14 10:02:57 - INFO -   Side: BUY
2025-10-14 10:02:57 - INFO -   Symbol: TANSSI/USDT:USDT
2025-10-14 10:02:57 - INFO -   Amount: 1.0 contracts
2025-10-14 10:02:57 - INFO -   Leverage: 2x
2025-10-14 10:02:57 - INFO -   Reference Price: 0.031
2025-10-14 10:02:57 - INFO -   Average Fill Price: 0.03168
2025-10-14 10:02:57 - INFO -   Filled Amount: 1.0
2025-10-14 10:02:57 - INFO -   Total Cost: 0.3168
2025-10-14 10:02:57 - INFO -   Status: closed
2025-10-14 10:02:57 - INFO -   Timestamp: 2025-10-14 10:02:55
2025-10-14 10:02:57 - INFO -   Slippage: 2.1935%
2025-10-14 10:02:57 - WARNING -   ⚠ High slippage detected (threshold: 1.00%)
2025-10-14 10:02:57 - INFO - ================================================================================
2025-10-14 10:02:57 - INFO - 
2025-10-14 10:03:06 - INFO - ================================================================================
2025-10-14 10:03:06 - INFO - BUY ORDER EXECUTED: COTI/USDT:USDT
2025-10-14 10:03:06 - INFO - --------------------------------------------------------------------------------
2025-10-14 10:03:06 - INFO -   Order ID: 367487229729275904
2025-10-14 10:03:06 - INFO -   Type: MARKET
2025-10-14 10:03:06 - INFO -   Side: BUY
2025-10-14 10:03:06 - INFO -   Symbol: COTI/USDT:USDT
2025-10-14 10:03:06 - INFO -   Amount: 2.75 contracts
2025-10-14 10:03:06 - INFO -   Leverage: 4x
2025-10-14 10:03:06 - INFO -   Reference Price: 0.03638
2025-10-14 10:03:06 - INFO -   Average Fill Price: 0.03647
2025-10-14 10:03:06 - INFO -   Filled Amount: 2.0
2025-10-14 10:03:06 - INFO -   Total Cost: 0.7294
2025-10-14 10:03:06 - INFO -   Status: closed
2025-10-14 10:03:06 - INFO -   Timestamp: 2025-10-14 10:03:05
2025-10-14 10:03:06 - INFO -   Slippage: 0.2474%
2025-10-14 10:03:06 - INFO - ================================================================================
2025-10-14 10:03:06 - INFO - 
2025-10-14 10:03:18 - INFO - ================================================================================
2025-10-14 10:03:18 - INFO - BUY ORDER EXECUTED: ZKC/USDT:USDT
2025-10-14 10:03:18 - INFO - --------------------------------------------------------------------------------
2025-10-14 10:03:18 - INFO -   Order ID: 367487282862723072
2025-10-14 10:03:18 - INFO -   Type: MARKET
2025-10-14 10:03:18 - INFO -   Side: BUY
2025-10-14 10:03:18 - INFO -   Symbol: ZKC/USDT:USDT
2025-10-14 10:03:18 - INFO -   Amount: 1.3125 contracts
2025-10-14 10:03:18 - INFO -   Leverage: 4x
2025-10-14 10:03:18 - INFO -   Reference Price: 0.18324
2025-10-14 10:03:18 - INFO -   Average Fill Price: 0.18378
2025-10-14 10:03:18 - INFO -   Filled Amount: 1.0
2025-10-14 10:03:18 - INFO -   Total Cost: 0.18378
2025-10-14 10:03:18 - INFO -   Status: closed
2025-10-14 10:03:18 - INFO -   Timestamp: 2025-10-14 10:03:17
2025-10-14 10:03:18 - INFO -   Slippage: 0.2947%
2025-10-14 10:03:18 - INFO - ================================================================================
2025-10-14 10:03:18 - INFO - 
2025-10-14 10:03:34 - INFO - ================================================================================
2025-10-14 10:03:34 - INFO - BUY ORDER EXECUTED: COTI/USDT:USDT
2025-10-14 10:03:34 - INFO - --------------------------------------------------------------------------------
2025-10-14 10:03:34 - INFO -   Order ID: 367487347354308608
2025-10-14 10:03:34 - INFO -   Type: MARKET
2025-10-14 10:03:34 - INFO -   Side: BUY
2025-10-14 10:03:34 - INFO -   Symbol: COTI/USDT:USDT
2025-10-14 10:03:34 - INFO -   Amount: 2.0625 contracts
2025-10-14 10:03:34 - INFO -   Leverage: 4x
2025-10-14 10:03:34 - INFO -   Reference Price: 0.03635
2025-10-14 10:03:34 - INFO -   Average Fill Price: 0.03635
2025-10-14 10:03:34 - INFO -   Filled Amount: 2.0
2025-10-14 10:03:34 - INFO -   Total Cost: 0.727
2025-10-14 10:03:34 - INFO -   Status: closed
2025-10-14 10:03:34 - INFO -   Timestamp: 2025-10-14 10:03:33
2025-10-14 10:03:34 - INFO -   Slippage: 0.0000%
2025-10-14 10:03:34 - INFO - ================================================================================
2025-10-14 10:03:34 - INFO - 
2025-10-14 10:03:42 - INFO - ================================================================================
2025-10-14 10:03:42 - INFO - BUY ORDER EXECUTED: COTI/USDT:USDT
2025-10-14 10:03:42 - INFO - --------------------------------------------------------------------------------
2025-10-14 10:03:42 - INFO -   Order ID: 367487378761265153
2025-10-14 10:03:42 - INFO -   Type: MARKET
2025-10-14 10:03:42 - INFO -   Side: BUY
2025-10-14 10:03:42 - INFO -   Symbol: COTI/USDT:USDT
2025-10-14 10:03:42 - INFO -   Amount: 7.0 contracts
2025-10-14 10:03:42 - INFO -   Leverage: 4x
2025-10-14 10:03:42 - INFO -   Reference Price: 0.03635
2025-10-14 10:03:42 - INFO -   Average Fill Price: 0.03639
2025-10-14 10:03:42 - INFO -   Filled Amount: 7.0
2025-10-14 10:03:42 - INFO -   Total Cost: 2.5473
2025-10-14 10:03:42 - INFO -   Status: closed
2025-10-14 10:03:42 - INFO -   Timestamp: 2025-10-14 10:03:40
2025-10-14 10:03:42 - INFO -   Slippage: 0.1100%
2025-10-14 10:03:42 - INFO - ================================================================================
2025-10-14 10:03:42 - INFO - 
2025-10-14 10:03:55 - INFO - ================================================================================
2025-10-14 10:03:55 - INFO - BUY ORDER EXECUTED: ZKC/USDT:USDT
2025-10-14 10:03:55 - INFO - --------------------------------------------------------------------------------
2025-10-14 10:03:55 - INFO -   Order ID: 367487435220815873
2025-10-14 10:03:55 - INFO -   Type: MARKET
2025-10-14 10:03:55 - INFO -   Side: BUY
2025-10-14 10:03:55 - INFO -   Symbol: ZKC/USDT:USDT
2025-10-14 10:03:55 - INFO -   Amount: 1.0 contracts
2025-10-14 10:03:55 - INFO -   Leverage: 4x
2025-10-14 10:03:55 - INFO -   Reference Price: 0.18317
2025-10-14 10:03:55 - INFO -   Average Fill Price: 0.18298
2025-10-14 10:03:55 - INFO -   Filled Amount: 1.0
2025-10-14 10:03:55 - INFO -   Total Cost: 0.18298
2025-10-14 10:03:55 - INFO -   Status: closed
2025-10-14 10:03:55 - INFO -   Timestamp: 2025-10-14 10:03:54
2025-10-14 10:03:55 - INFO -   Slippage: 0.1037%
2025-10-14 10:03:55 - INFO - ================================================================================
2025-10-14 10:03:55 - INFO - 
2025-10-14 10:04:04 - INFO - ================================================================================
2025-10-14 10:04:04 - INFO - BUY ORDER EXECUTED: BTR/USDT:USDT
2025-10-14 10:04:04 - INFO - --------------------------------------------------------------------------------
2025-10-14 10:04:04 - INFO -   Order ID: 367487473980370944
2025-10-14 10:04:04 - INFO -   Type: MARKET
2025-10-14 10:04:04 - INFO -   Side: BUY
2025-10-14 10:04:04 - INFO -   Symbol: BTR/USDT:USDT
2025-10-14 10:04:04 - INFO -   Amount: 1.125 contracts
2025-10-14 10:04:04 - INFO -   Leverage: 2x
2025-10-14 10:04:04 - INFO -   Reference Price: 0.0565
2025-10-14 10:04:04 - INFO -   Average Fill Price: 0.0565
2025-10-14 10:04:04 - INFO -   Filled Amount: 1.0
2025-10-14 10:04:04 - INFO -   Total Cost: 0.565
2025-10-14 10:04:04 - INFO -   Status: closed
2025-10-14 10:04:04 - INFO -   Timestamp: 2025-10-14 10:04:03
2025-10-14 10:04:04 - INFO -   Slippage: 0.0000%
2025-10-14 10:04:04 - INFO - ================================================================================
2025-10-14 10:04:04 - INFO - 
2025-10-14 10:04:19 - INFO - ================================================================================
2025-10-14 10:04:19 - INFO - BUY ORDER EXECUTED: ZKC/USDT:USDT
2025-10-14 10:04:19 - INFO - --------------------------------------------------------------------------------
2025-10-14 10:04:19 - INFO -   Order ID: 367487538736226308
2025-10-14 10:04:19 - INFO -   Type: MARKET
2025-10-14 10:04:19 - INFO -   Side: BUY
2025-10-14 10:04:19 - INFO -   Symbol: ZKC/USDT:USDT
2025-10-14 10:04:19 - INFO -   Amount: 1.0 contracts
2025-10-14 10:04:19 - INFO -   Leverage: 4x
2025-10-14 10:04:19 - INFO -   Reference Price: 0.18328
2025-10-14 10:04:19 - INFO -   Average Fill Price: 0.18343
2025-10-14 10:04:19 - INFO -   Filled Amount: 1.0
2025-10-14 10:04:19 - INFO -   Total Cost: 0.18343
2025-10-14 10:04:19 - INFO -   Status: closed
2025-10-14 10:04:19 - INFO -   Timestamp: 2025-10-14 10:04:18
2025-10-14 10:04:19 - INFO -   Slippage: 0.0818%
2025-10-14 10:04:19 - INFO - ================================================================================
2025-10-14 10:04:19 - INFO - 
2025-10-14 10:04:28 - INFO - ================================================================================
2025-10-14 10:04:28 - INFO - BUY ORDER EXECUTED: BTR/USDT:USDT
2025-10-14 10:04:28 - INFO - --------------------------------------------------------------------------------
2025-10-14 10:04:28 - INFO -   Order ID: 367487572152160256
2025-10-14 10:04:28 - INFO -   Type: MARKET
2025-10-14 10:04:28 - INFO -   Side: BUY
2025-10-14 10:04:28 - INFO -   Symbol: BTR/USDT:USDT
2025-10-14 10:04:28 - INFO -   Amount: 1.0 contracts
2025-10-14 10:04:28 - INFO -   Leverage: 2x
2025-10-14 10:04:28 - INFO -   Reference Price: 0.0566
2025-10-14 10:04:28 - INFO -   Average Fill Price: 0.0567
2025-10-14 10:04:28 - INFO -   Filled Amount: 1.0
2025-10-14 10:04:28 - INFO -   Total Cost: 0.567
2025-10-14 10:04:28 - INFO -   Status: closed
2025-10-14 10:04:28 - INFO -   Timestamp: 2025-10-14 10:04:26
2025-10-14 10:04:28 - INFO -   Slippage: 0.1767%
2025-10-14 10:04:28 - INFO - ================================================================================
2025-10-14 10:04:28 - INFO - 
2025-10-14 10:04:41 - INFO - ================================================================================
2025-10-14 10:04:41 - INFO - SELL ORDER EXECUTED: TON/USDT:USDT
2025-10-14 10:04:41 - INFO - --------------------------------------------------------------------------------
2025-10-14 10:04:41 - INFO -   Order ID: 367487630666899457
2025-10-14 10:04:41 - INFO -   Type: MARKET
2025-10-14 10:04:41 - INFO -   Side: SELL
2025-10-14 10:04:41 - INFO -   Symbol: TON/USDT:USDT
2025-10-14 10:04:41 - INFO -   Amount: 1.0 contracts
2025-10-14 10:04:41 - INFO -   Leverage: 4x
2025-10-14 10:04:41 - INFO -   Reference Price: 2.2058
2025-10-14 10:04:41 - INFO -   Average Fill Price: 2.207
2025-10-14 10:04:41 - INFO -   Filled Amount: 1.0
2025-10-14 10:04:41 - INFO -   Total Cost: 2.207
2025-10-14 10:04:41 - INFO -   Status: closed
2025-10-14 10:04:41 - INFO -   Timestamp: 2025-10-14 10:04:40
2025-10-14 10:04:41 - INFO -   Slippage: 0.0544%
2025-10-14 10:04:41 - INFO - ================================================================================
2025-10-14 10:04:41 - INFO - 
2025-10-14 10:04:41 - INFO - ================================================================================
2025-10-14 10:04:41 - INFO - STOP LOSS & TAKE PROFIT SET: TON/USDT:USDT
2025-10-14 10:04:41 - INFO - --------------------------------------------------------------------------------
2025-10-14 10:04:41 - INFO -   Symbol: TON/USDT:USDT
2025-10-14 10:04:41 - INFO -   Position Side: SELL (SHORT)
2025-10-14 10:04:41 - INFO -   Entry Price: 2.21
2025-10-14 10:04:41 - INFO -   Amount: 0.9342519116593336 contracts
2025-10-14 10:04:41 - INFO -   Leverage: 4x
2025-10-14 10:04:41 - INFO - 
2025-10-14 10:04:41 - INFO -   Stop Loss Price: 2.30
2025-10-14 10:04:41 - INFO -   Stop Loss %: 4.00% from entry
2025-10-14 10:04:41 - INFO -   Stop Loss Type: Monitored (closes position when price reaches SL)
2025-10-14 10:04:41 - INFO - 
2025-10-14 10:04:41 - INFO -   Take Profit Price: 1.94
2025-10-14 10:04:41 - INFO -   Take Profit %: 12.00% from entry
2025-10-14 10:04:41 - INFO -   Take Profit Type: Monitored (closes position when price reaches TP)
2025-10-14 10:04:41 - INFO - 
2025-10-14 10:04:41 - INFO -   Risk/Reward Ratio: 1:3.00
2025-10-14 10:04:41 - INFO -   Timestamp: 2025-10-14 10:04:41
2025-10-14 10:04:41 - INFO - ================================================================================
2025-10-14 10:04:41 - INFO - 
2025-10-14 10:04:55 - INFO - ================================================================================
2025-10-14 10:04:55 - INFO - SELL ORDER EXECUTED: KAIA/USDT:USDT
2025-10-14 10:04:55 - INFO - --------------------------------------------------------------------------------
2025-10-14 10:04:55 - INFO -   Order ID: 367487688548384768
2025-10-14 10:04:55 - INFO -   Type: MARKET
2025-10-14 10:04:55 - INFO -   Side: SELL
2025-10-14 10:04:55 - INFO -   Symbol: KAIA/USDT:USDT
2025-10-14 10:04:55 - INFO -   Amount: 17.318838241598527 contracts
2025-10-14 10:04:55 - INFO -   Leverage: 4x
2025-10-14 10:04:55 - INFO -   Reference Price: 0.1101
2025-10-14 10:04:55 - INFO -   Average Fill Price: 0.1099
2025-10-14 10:04:55 - INFO -   Filled Amount: 17.0
2025-10-14 10:04:55 - INFO -   Total Cost: 18.683
2025-10-14 10:04:55 - INFO -   Status: closed
2025-10-14 10:04:55 - INFO -   Timestamp: 2025-10-14 10:04:54
2025-10-14 10:04:55 - INFO -   Slippage: 0.1817%
2025-10-14 10:04:55 - INFO - ================================================================================
2025-10-14 10:04:55 - INFO - 
2025-10-14 10:04:55 - INFO - ================================================================================
2025-10-14 10:04:55 - INFO - STOP LOSS & TAKE PROFIT SET: KAIA/USDT:USDT
2025-10-14 10:04:55 - INFO - --------------------------------------------------------------------------------
2025-10-14 10:04:55 - INFO -   Symbol: KAIA/USDT:USDT
2025-10-14 10:04:55 - INFO -   Position Side: SELL (SHORT)
2025-10-14 10:04:55 - INFO -   Entry Price: 0.11
2025-10-14 10:04:55 - INFO -   Amount: 17.318838241598527 contracts
2025-10-14 10:04:55 - INFO -   Leverage: 4x
2025-10-14 10:04:55 - INFO - 
2025-10-14 10:04:55 - INFO -   Stop Loss Price: 0.11
2025-10-14 10:04:55 - INFO -   Stop Loss %: 4.00% from entry
2025-10-14 10:04:55 - INFO -   Stop Loss Type: Monitored (closes position when price reaches SL)
2025-10-14 10:04:55 - INFO - 
2025-10-14 10:04:55 - INFO -   Take Profit Price: 0.0967
2025-10-14 10:04:55 - INFO -   Take Profit %: 12.00% from entry
2025-10-14 10:04:55 - INFO -   Take Profit Type: Monitored (closes position when price reaches TP)
2025-10-14 10:04:55 - INFO - 
2025-10-14 10:04:55 - INFO -   Risk/Reward Ratio: 1:3.00
2025-10-14 10:04:55 - INFO -   Timestamp: 2025-10-14 10:04:55
2025-10-14 10:04:55 - INFO - ================================================================================
2025-10-14 10:04:55 - INFO - 
2025-10-14 10:05:03 - INFO - ================================================================================
2025-10-14 10:05:03 - INFO - BUY ORDER EXECUTED: ZKC/USDT:USDT
2025-10-14 10:05:03 - INFO - --------------------------------------------------------------------------------
2025-10-14 10:05:03 - INFO -   Order ID: 367487723033882625
2025-10-14 10:05:03 - INFO -   Type: MARKET
2025-10-14 10:05:03 - INFO -   Side: BUY
2025-10-14 10:05:03 - INFO -   Symbol: ZKC/USDT:USDT
2025-10-14 10:05:03 - INFO -   Amount: 1.0 contracts
2025-10-14 10:05:03 - INFO -   Leverage: 4x
2025-10-14 10:05:03 - INFO -   Reference Price: 0.18315
2025-10-14 10:05:03 - INFO -   Average Fill Price: 0.18351
2025-10-14 10:05:03 - INFO -   Filled Amount: 1.0
2025-10-14 10:05:03 - INFO -   Total Cost: 0.18351
2025-10-14 10:05:03 - INFO -   Status: closed
2025-10-14 10:05:03 - INFO -   Timestamp: 2025-10-14 10:05:02
2025-10-14 10:05:03 - INFO -   Slippage: 0.1966%
2025-10-14 10:05:03 - INFO - ================================================================================
2025-10-14 10:05:03 - INFO - 
2025-10-14 10:05:09 - INFO - ================================================================================
2025-10-14 10:05:09 - INFO - SELL ORDER EXECUTED: U/USDT:USDT
2025-10-14 10:05:09 - INFO - --------------------------------------------------------------------------------
2025-10-14 10:05:09 - INFO -   Order ID: 367487747860025345
2025-10-14 10:05:09 - INFO -   Type: MARKET
2025-10-14 10:05:09 - INFO -   Side: SELL
2025-10-14 10:05:09 - INFO -   Symbol: U/USDT:USDT
2025-10-14 10:05:09 - INFO -   Amount: 10.982930535380282 contracts
2025-10-14 10:05:09 - INFO -   Leverage: 3x
2025-10-14 10:05:09 - INFO -   Reference Price: 0.0071
2025-10-14 10:05:09 - INFO -   Average Fill Price: 0.00713
2025-10-14 10:05:09 - INFO -   Filled Amount: 10.0
2025-10-14 10:05:09 - INFO -   Total Cost: 7.13
2025-10-14 10:05:09 - INFO -   Status: closed
2025-10-14 10:05:09 - INFO -   Timestamp: 2025-10-14 10:05:08
2025-10-14 10:05:09 - INFO -   Slippage: 0.4225%
2025-10-14 10:05:09 - INFO - ================================================================================
2025-10-14 10:05:09 - INFO - 
2025-10-14 10:05:09 - INFO - ================================================================================
2025-10-14 10:05:09 - INFO - STOP LOSS & TAKE PROFIT SET: U/USDT:USDT
2025-10-14 10:05:09 - INFO - --------------------------------------------------------------------------------
2025-10-14 10:05:09 - INFO -   Symbol: U/USDT:USDT
2025-10-14 10:05:09 - INFO -   Position Side: SELL (SHORT)
2025-10-14 10:05:09 - INFO -   Entry Price: 0.00713
2025-10-14 10:05:09 - INFO -   Amount: 105.28007259154916 contracts
2025-10-14 10:05:09 - INFO -   Leverage: 3x
2025-10-14 10:05:09 - INFO - 
2025-10-14 10:05:09 - INFO -   Stop Loss Price: 0.00742
2025-10-14 10:05:09 - INFO -   Stop Loss %: 4.00% from entry
2025-10-14 10:05:09 - INFO -   Stop Loss Type: Monitored (closes position when price reaches SL)
2025-10-14 10:05:09 - INFO - 
2025-10-14 10:05:09 - INFO -   Take Profit Price: 0.00627
2025-10-14 10:05:09 - INFO -   Take Profit %: 12.00% from entry
2025-10-14 10:05:09 - INFO -   Take Profit Type: Monitored (closes position when price reaches TP)
2025-10-14 10:05:09 - INFO - 
2025-10-14 10:05:09 - INFO -   Risk/Reward Ratio: 1:3.00
2025-10-14 10:05:09 - INFO -   Timestamp: 2025-10-14 10:05:09
2025-10-14 10:05:09 - INFO - ================================================================================
2025-10-14 10:05:09 - INFO - 
2025-10-14 10:05:50 - INFO - ================================================================================
2025-10-14 10:05:50 - INFO - BUY ORDER EXECUTED: ZKC/USDT:USDT
2025-10-14 10:05:50 - INFO - --------------------------------------------------------------------------------
2025-10-14 10:05:50 - INFO -   Order ID: 367487920933744640
2025-10-14 10:05:50 - INFO -   Type: MARKET
2025-10-14 10:05:50 - INFO -   Side: BUY
2025-10-14 10:05:50 - INFO -   Symbol: ZKC/USDT:USDT
2025-10-14 10:05:50 - INFO -   Amount: 1.0 contracts
2025-10-14 10:05:50 - INFO -   Leverage: 4x
2025-10-14 10:05:50 - INFO -   Reference Price: 0.18351
2025-10-14 10:05:50 - INFO -   Average Fill Price: 0.18393
2025-10-14 10:05:50 - INFO -   Filled Amount: 1.0
2025-10-14 10:05:50 - INFO -   Total Cost: 0.18393
2025-10-14 10:05:50 - INFO -   Status: closed
2025-10-14 10:05:50 - INFO -   Timestamp: 2025-10-14 10:05:49
2025-10-14 10:05:50 - INFO -   Slippage: 0.2289%
2025-10-14 10:05:50 - INFO - ================================================================================
2025-10-14 10:05:50 - INFO - 
2025-10-14 10:06:56 - INFO - ================================================================================
2025-10-14 10:06:56 - INFO - BUY ORDER EXECUTED: TANSSI/USDT:USDT
2025-10-14 10:06:56 - INFO - --------------------------------------------------------------------------------
2025-10-14 10:06:56 - INFO -   Order ID: 367488198277931008
2025-10-14 10:06:56 - INFO -   Type: MARKET
2025-10-14 10:06:56 - INFO -   Side: BUY
2025-10-14 10:06:56 - INFO -   Symbol: TANSSI/USDT:USDT
2025-10-14 10:06:56 - INFO -   Amount: 1.0 contracts
2025-10-14 10:06:56 - INFO -   Leverage: 2x
2025-10-14 10:06:56 - INFO -   Reference Price: 0.03106
2025-10-14 10:06:56 - INFO -   Average Fill Price: 0.03106
2025-10-14 10:06:56 - INFO -   Status: None
2025-10-14 10:06:56 - INFO -   Timestamp: N/A
2025-10-14 10:06:56 - INFO - ================================================================================
2025-10-14 10:06:56 - INFO - 
2025-10-14 10:07:12 - INFO - ================================================================================
2025-10-14 10:07:12 - INFO - BUY ORDER EXECUTED: ZKC/USDT:USDT
2025-10-14 10:07:12 - INFO - --------------------------------------------------------------------------------
2025-10-14 10:07:12 - INFO -   Order ID: 367488259267293184
2025-10-14 10:07:12 - INFO -   Type: MARKET
2025-10-14 10:07:12 - INFO -   Side: BUY
2025-10-14 10:07:12 - INFO -   Symbol: ZKC/USDT:USDT
2025-10-14 10:07:12 - INFO -   Amount: 1.0 contracts
2025-10-14 10:07:12 - INFO -   Leverage: 4x
2025-10-14 10:07:12 - INFO -   Reference Price: 0.18311
2025-10-14 10:07:12 - INFO -   Average Fill Price: 0.18354
2025-10-14 10:07:12 - INFO -   Filled Amount: 1.0
2025-10-14 10:07:12 - INFO -   Total Cost: 0.18354
2025-10-14 10:07:12 - INFO -   Status: closed
2025-10-14 10:07:12 - INFO -   Timestamp: 2025-10-14 10:07:10
2025-10-14 10:07:12 - INFO -   Slippage: 0.2348%
2025-10-14 10:07:12 - INFO - ================================================================================
2025-10-14 10:07:12 - INFO - 
2025-10-14 10:08:10 - INFO - ================================================================================
2025-10-14 10:08:10 - INFO - BUY ORDER EXECUTED: TANSSI/USDT:USDT
2025-10-14 10:08:10 - INFO - --------------------------------------------------------------------------------
2025-10-14 10:08:10 - INFO -   Order ID: 367488505359659009
2025-10-14 10:08:10 - INFO -   Type: MARKET
2025-10-14 10:08:10 - INFO -   Side: BUY
2025-10-14 10:08:10 - INFO -   Symbol: TANSSI/USDT:USDT
2025-10-14 10:08:10 - INFO -   Amount: 1.1724861963786126 contracts
2025-10-14 10:08:10 - INFO -   Leverage: 2x
2025-10-14 10:08:10 - INFO -   Reference Price: 0.03125
2025-10-14 10:08:10 - INFO -   Average Fill Price: 0.03125
2025-10-14 10:08:10 - INFO -   Status: None
2025-10-14 10:08:10 - INFO -   Timestamp: N/A
2025-10-14 10:08:10 - INFO - ================================================================================
2025-10-14 10:08:10 - INFO - 
2025-10-14 10:10:03 - INFO - ================================================================================
2025-10-14 10:10:03 - INFO - BUY ORDER EXECUTED: U/USDT:USDT
2025-10-14 10:10:03 - INFO - --------------------------------------------------------------------------------
2025-10-14 10:10:03 - INFO -   Order ID: 367488981107040256
2025-10-14 10:10:03 - INFO -   Type: MARKET
2025-10-14 10:10:03 - INFO -   Side: BUY
2025-10-14 10:10:03 - INFO -   Symbol: U/USDT:USDT
2025-10-14 10:10:03 - INFO -   Amount: 26.32001814788729 contracts
2025-10-14 10:10:03 - INFO -   Leverage: 3x
2025-10-14 10:10:03 - INFO -   Reference Price: 0.00708
2025-10-14 10:10:03 - INFO -   Average Fill Price: 0.00708
2025-10-14 10:10:03 - INFO -   Status: None
2025-10-14 10:10:03 - INFO -   Timestamp: N/A
2025-10-14 10:10:03 - INFO - ================================================================================
2025-10-14 10:10:03 - INFO - 
2025-10-14 10:10:20 - INFO - ================================================================================
2025-10-14 10:10:20 - INFO - BUY ORDER EXECUTED: U/USDT:USDT
2025-10-14 10:10:20 - INFO - --------------------------------------------------------------------------------
2025-10-14 10:10:20 - INFO -   Order ID: 367489052968013825
2025-10-14 10:10:20 - INFO -   Type: MARKET
2025-10-14 10:10:20 - INFO -   Side: BUY
2025-10-14 10:10:20 - INFO -   Symbol: U/USDT:USDT
2025-10-14 10:10:20 - INFO -   Amount: 19.74001361091547 contracts
2025-10-14 10:10:20 - INFO -   Leverage: 3x
2025-10-14 10:10:20 - INFO -   Reference Price: 0.00706
2025-10-14 10:10:20 - INFO -   Average Fill Price: 0.00706
2025-10-14 10:10:20 - INFO -   Status: canceled
2025-10-14 10:10:20 - INFO -   Timestamp: 2025-10-14 10:10:19
2025-10-14 10:10:20 - INFO - ================================================================================
2025-10-14 10:10:20 - INFO - 
2025-10-14 10:10:38 - INFO - ================================================================================
2025-10-14 10:10:38 - INFO - BUY ORDER EXECUTED: U/USDT:USDT
2025-10-14 10:10:38 - INFO - --------------------------------------------------------------------------------
2025-10-14 10:10:38 - INFO -   Order ID: 367489125558874112
2025-10-14 10:10:38 - INFO -   Type: MARKET
2025-10-14 10:10:38 - INFO -   Side: BUY
2025-10-14 10:10:38 - INFO -   Symbol: U/USDT:USDT
2025-10-14 10:10:38 - INFO -   Amount: 14.805010208186602 contracts
2025-10-14 10:10:38 - INFO -   Leverage: 3x
2025-10-14 10:10:38 - INFO -   Reference Price: 0.00707
2025-10-14 10:10:38 - INFO -   Average Fill Price: 0.00707
2025-10-14 10:10:38 - INFO -   Status: None
2025-10-14 10:10:38 - INFO -   Timestamp: N/A
2025-10-14 10:10:38 - INFO - ================================================================================
2025-10-14 10:10:38 - INFO - 
2025-10-14 10:11:00 - INFO - ================================================================================
2025-10-14 10:11:00 - INFO - BUY ORDER EXECUTED: U/USDT:USDT
2025-10-14 10:11:00 - INFO - --------------------------------------------------------------------------------
2025-10-14 10:11:00 - INFO -   Order ID: 367489218743640064
2025-10-14 10:11:00 - INFO -   Type: MARKET
2025-10-14 10:11:00 - INFO -   Side: BUY
2025-10-14 10:11:00 - INFO -   Symbol: U/USDT:USDT
2025-10-14 10:11:00 - INFO -   Amount: 11.103757656139951 contracts
2025-10-14 10:11:00 - INFO -   Leverage: 3x
2025-10-14 10:11:00 - INFO -   Reference Price: 0.00707
2025-10-14 10:11:00 - INFO -   Average Fill Price: 0.00707
2025-10-14 10:11:00 - INFO -   Status: canceled
2025-10-14 10:11:00 - INFO -   Timestamp: 2025-10-14 10:10:59
2025-10-14 10:11:00 - INFO - ================================================================================
2025-10-14 10:11:00 - INFO - 
2025-10-14 10:11:26 - INFO - ================================================================================
2025-10-14 10:11:26 - INFO - BUY ORDER EXECUTED: U/USDT:USDT
2025-10-14 10:11:26 - INFO - --------------------------------------------------------------------------------
2025-10-14 10:11:26 - INFO -   Order ID: 367489326772191232
2025-10-14 10:11:26 - INFO -   Type: MARKET
2025-10-14 10:11:26 - INFO -   Side: BUY
2025-10-14 10:11:26 - INFO -   Symbol: U/USDT:USDT
2025-10-14 10:11:26 - INFO -   Amount: 8.327818242104964 contracts
2025-10-14 10:11:26 - INFO -   Leverage: 3x
2025-10-14 10:11:26 - INFO -   Reference Price: 0.00707
2025-10-14 10:11:26 - INFO -   Average Fill Price: 0.00708
2025-10-14 10:11:26 - INFO -   Filled Amount: 8.0
2025-10-14 10:11:26 - INFO -   Total Cost: 5.664
2025-10-14 10:11:26 - INFO -   Status: closed
2025-10-14 10:11:26 - INFO -   Timestamp: 2025-10-14 10:11:25
2025-10-14 10:11:26 - INFO -   Slippage: 0.1414%
2025-10-14 10:11:26 - INFO - ================================================================================
2025-10-14 10:11:26 - INFO - 
2025-10-14 10:11:41 - INFO - ================================================================================
2025-10-14 10:11:41 - INFO - SELL ORDER EXECUTED: TRUMP/USDT:USDT
2025-10-14 10:11:41 - INFO - --------------------------------------------------------------------------------
2025-10-14 10:11:41 - INFO -   Order ID: 367489391985258496
2025-10-14 10:11:41 - INFO -   Type: MARKET
2025-10-14 10:11:41 - INFO -   Side: SELL
2025-10-14 10:11:41 - INFO -   Symbol: TRUMP/USDT:USDT
2025-10-14 10:11:41 - INFO -   Amount: 1.0 contracts
2025-10-14 10:11:41 - INFO -   Leverage: 2x
2025-10-14 10:11:41 - INFO -   Reference Price: 6.184
2025-10-14 10:11:41 - INFO -   Average Fill Price: 6.19
2025-10-14 10:11:41 - INFO -   Filled Amount: 1.0
2025-10-14 10:11:41 - INFO -   Total Cost: 0.619
2025-10-14 10:11:41 - INFO -   Status: closed
2025-10-14 10:11:41 - INFO -   Timestamp: 2025-10-14 10:11:40
2025-10-14 10:11:41 - INFO -   Slippage: 0.0970%
2025-10-14 10:11:41 - INFO - ================================================================================
2025-10-14 10:11:41 - INFO - 
2025-10-14 10:11:41 - INFO - ================================================================================
2025-10-14 10:11:41 - INFO - STOP LOSS & TAKE PROFIT SET: TRUMP/USDT:USDT
2025-10-14 10:11:41 - INFO - --------------------------------------------------------------------------------
2025-10-14 10:11:41 - INFO -   Symbol: TRUMP/USDT:USDT
2025-10-14 10:11:41 - INFO -   Position Side: SELL (SHORT)
2025-10-14 10:11:41 - INFO -   Entry Price: 6.19
2025-10-14 10:11:41 - INFO -   Amount: 0.09628115622170098 contracts
2025-10-14 10:11:41 - INFO -   Leverage: 2x
2025-10-14 10:11:41 - INFO - 
2025-10-14 10:11:41 - INFO -   Stop Loss Price: 6.44
2025-10-14 10:11:41 - INFO -   Stop Loss %: 4.00% from entry
2025-10-14 10:11:41 - INFO -   Stop Loss Type: Monitored (closes position when price reaches SL)
2025-10-14 10:11:41 - INFO - 
2025-10-14 10:11:41 - INFO -   Take Profit Price: 5.45
2025-10-14 10:11:41 - INFO -   Take Profit %: 12.00% from entry
2025-10-14 10:11:41 - INFO -   Take Profit Type: Monitored (closes position when price reaches TP)
2025-10-14 10:11:41 - INFO - 
2025-10-14 10:11:41 - INFO -   Risk/Reward Ratio: 1:3.00
2025-10-14 10:11:41 - INFO -   Timestamp: 2025-10-14 10:11:41
2025-10-14 10:11:41 - INFO - ================================================================================
2025-10-14 10:11:41 - INFO - 
2025-10-14 10:12:24 - INFO - ================================================================================
2025-10-14 10:12:24 - INFO - BUY ORDER EXECUTED: TANSSI/USDT:USDT
2025-10-14 10:12:24 - INFO - --------------------------------------------------------------------------------
2025-10-14 10:12:24 - INFO -   Order ID: 367489571321094144
2025-10-14 10:12:24 - INFO -   Type: MARKET
2025-10-14 10:12:24 - INFO -   Side: BUY
2025-10-14 10:12:24 - INFO -   Symbol: TANSSI/USDT:USDT
2025-10-14 10:12:24 - INFO -   Amount: 1.0 contracts
2025-10-14 10:12:24 - INFO -   Leverage: 2x
2025-10-14 10:12:24 - INFO -   Reference Price: 0.0311
2025-10-14 10:12:24 - INFO -   Average Fill Price: 0.0311
2025-10-14 10:12:24 - INFO -   Status: None
2025-10-14 10:12:24 - INFO -   Timestamp: N/A
2025-10-14 10:12:24 - INFO - ================================================================================
2025-10-14 10:12:24 - INFO - 
2025-10-14 10:13:23 - INFO - ================================================================================
2025-10-14 10:13:23 - INFO - BUY ORDER EXECUTED: TANSSI/USDT:USDT
2025-10-14 10:13:23 - INFO - --------------------------------------------------------------------------------
2025-10-14 10:13:23 - INFO -   Order ID: 367489820500516864
2025-10-14 10:13:23 - INFO -   Type: MARKET
2025-10-14 10:13:23 - INFO -   Side: BUY
2025-10-14 10:13:23 - INFO -   Symbol: TANSSI/USDT:USDT
2025-10-14 10:13:23 - INFO -   Amount: 1.0 contracts
2025-10-14 10:13:23 - INFO -   Leverage: 2x
2025-10-14 10:13:23 - INFO -   Reference Price: 0.03109
2025-10-14 10:13:23 - INFO -   Average Fill Price: 0.03134
2025-10-14 10:13:23 - INFO -   Filled Amount: 1.0
2025-10-14 10:13:23 - INFO -   Total Cost: 0.3134
2025-10-14 10:13:23 - INFO -   Status: closed
2025-10-14 10:13:23 - INFO -   Timestamp: 2025-10-14 10:13:22
2025-10-14 10:13:23 - INFO -   Slippage: 0.8041%
2025-10-14 10:13:23 - INFO - ================================================================================
2025-10-14 10:13:23 - INFO - 
2025-10-14 10:15:42 - INFO - ================================================================================
2025-10-14 10:15:42 - INFO - BUY ORDER EXECUTED: U/USDT:USDT
2025-10-14 10:15:42 - INFO - --------------------------------------------------------------------------------
2025-10-14 10:15:42 - INFO -   Order ID: 367490401747091456
2025-10-14 10:15:42 - INFO -   Type: MARKET
2025-10-14 10:15:42 - INFO -   Side: BUY
2025-10-14 10:15:42 - INFO -   Symbol: U/USDT:USDT
2025-10-14 10:15:42 - INFO -   Amount: 6.245863681578723 contracts
2025-10-14 10:15:42 - INFO -   Leverage: 3x
2025-10-14 10:15:42 - INFO -   Reference Price: 0.00705
2025-10-14 10:15:42 - INFO -   Average Fill Price: 0.00705
2025-10-14 10:15:42 - INFO -   Status: canceled
2025-10-14 10:15:42 - INFO -   Timestamp: 2025-10-14 10:15:41
2025-10-14 10:15:42 - INFO - ================================================================================
2025-10-14 10:15:42 - INFO - 
2025-10-14 10:16:05 - INFO - ================================================================================
2025-10-14 10:16:05 - INFO - BUY ORDER EXECUTED: U/USDT:USDT
2025-10-14 10:16:05 - INFO - --------------------------------------------------------------------------------
2025-10-14 10:16:05 - INFO -   Order ID: 367490500292247552
2025-10-14 10:16:05 - INFO -   Type: MARKET
2025-10-14 10:16:05 - INFO -   Side: BUY
2025-10-14 10:16:05 - INFO -   Symbol: U/USDT:USDT
2025-10-14 10:16:05 - INFO -   Amount: 4.684397761184043 contracts
2025-10-14 10:16:05 - INFO -   Leverage: 3x
2025-10-14 10:16:05 - INFO -   Reference Price: 0.00705
2025-10-14 10:16:05 - INFO -   Average Fill Price: 0.00705
2025-10-14 10:16:05 - INFO -   Status: canceled
2025-10-14 10:16:05 - INFO -   Timestamp: 2025-10-14 10:16:04
2025-10-14 10:16:05 - INFO - ================================================================================
2025-10-14 10:16:05 - INFO - 
2025-10-14 10:16:34 - INFO - ================================================================================
2025-10-14 10:16:34 - INFO - BUY ORDER EXECUTED: U/USDT:USDT
2025-10-14 10:16:34 - INFO - --------------------------------------------------------------------------------
2025-10-14 10:16:34 - INFO -   Order ID: 367490620165525504
2025-10-14 10:16:34 - INFO -   Type: MARKET
2025-10-14 10:16:34 - INFO -   Side: BUY
2025-10-14 10:16:34 - INFO -   Symbol: U/USDT:USDT
2025-10-14 10:16:34 - INFO -   Amount: 1.0 contracts
2025-10-14 10:16:34 - INFO -   Leverage: 3x
2025-10-14 10:16:34 - INFO -   Reference Price: 0.00704
2025-10-14 10:16:34 - INFO -   Average Fill Price: 0.00706
2025-10-14 10:16:34 - INFO -   Filled Amount: 1.0
2025-10-14 10:16:34 - INFO -   Total Cost: 0.706
2025-10-14 10:16:34 - INFO -   Status: closed
2025-10-14 10:16:34 - INFO -   Timestamp: 2025-10-14 10:16:33
2025-10-14 10:16:34 - INFO -   Slippage: 0.2841%
2025-10-14 10:16:34 - INFO - ================================================================================
2025-10-14 10:16:34 - INFO - 
2025-10-14 10:16:42 - INFO - ================================================================================
2025-10-14 10:16:42 - INFO - BUY ORDER EXECUTED: U/USDT:USDT
2025-10-14 10:16:42 - INFO - --------------------------------------------------------------------------------
2025-10-14 10:16:42 - INFO -   Order ID: 367490650129580033
2025-10-14 10:16:42 - INFO -   Type: MARKET
2025-10-14 10:16:42 - INFO -   Side: BUY
2025-10-14 10:16:42 - INFO -   Symbol: U/USDT:USDT
2025-10-14 10:16:42 - INFO -   Amount: 1.0 contracts
2025-10-14 10:16:42 - INFO -   Leverage: 3x
2025-10-14 10:16:42 - INFO -   Reference Price: 0.00706
2025-10-14 10:16:42 - INFO -   Average Fill Price: 0.00705
2025-10-14 10:16:42 - INFO -   Filled Amount: 1.0
2025-10-14 10:16:42 - INFO -   Total Cost: 0.705
2025-10-14 10:16:42 - INFO -   Status: closed
2025-10-14 10:16:42 - INFO -   Timestamp: 2025-10-14 10:16:40
2025-10-14 10:16:42 - INFO -   Slippage: 0.1416%
2025-10-14 10:16:42 - INFO - ================================================================================
2025-10-14 10:16:42 - INFO - 
2025-10-14 10:17:43 - INFO - ================================================================================
2025-10-14 10:17:43 - INFO - BUY ORDER EXECUTED: BTR/USDT:USDT
2025-10-14 10:17:43 - INFO - --------------------------------------------------------------------------------
2025-10-14 10:17:43 - INFO -   Order ID: 367490911434792960
2025-10-14 10:17:43 - INFO -   Type: MARKET
2025-10-14 10:17:43 - INFO -   Side: BUY
2025-10-14 10:17:43 - INFO -   Symbol: BTR/USDT:USDT
2025-10-14 10:17:43 - INFO -   Amount: 1.0 contracts
2025-10-14 10:17:43 - INFO -   Leverage: 2x
2025-10-14 10:17:43 - INFO -   Reference Price: 0.0565
2025-10-14 10:17:43 - INFO -   Average Fill Price: 0.0566
2025-10-14 10:17:43 - INFO -   Filled Amount: 1.0
2025-10-14 10:17:43 - INFO -   Total Cost: 0.566
2025-10-14 10:17:43 - INFO -   Status: closed
2025-10-14 10:17:43 - INFO -   Timestamp: 2025-10-14 10:17:42
2025-10-14 10:17:43 - INFO -   Slippage: 0.1770%
2025-10-14 10:17:43 - INFO - ================================================================================
2025-10-14 10:17:43 - INFO - 
2025-10-14 10:18:12 - INFO - ================================================================================
2025-10-14 10:18:12 - INFO - BUY ORDER EXECUTED: BTR/USDT:USDT
2025-10-14 10:18:12 - INFO - --------------------------------------------------------------------------------
2025-10-14 10:18:12 - INFO -   Order ID: 367491031597326337
2025-10-14 10:18:12 - INFO -   Type: MARKET
2025-10-14 10:18:12 - INFO -   Side: BUY
2025-10-14 10:18:12 - INFO -   Symbol: BTR/USDT:USDT
2025-10-14 10:18:12 - INFO -   Amount: 1.0 contracts
2025-10-14 10:18:12 - INFO -   Leverage: 2x
2025-10-14 10:18:12 - INFO -   Reference Price: 0.0565
2025-10-14 10:18:12 - INFO -   Average Fill Price: 0.0566
2025-10-14 10:18:12 - INFO -   Filled Amount: 1.0
2025-10-14 10:18:12 - INFO -   Total Cost: 0.566
2025-10-14 10:18:12 - INFO -   Status: closed
2025-10-14 10:18:12 - INFO -   Timestamp: 2025-10-14 10:18:11
2025-10-14 10:18:12 - INFO -   Slippage: 0.1770%
2025-10-14 10:18:12 - INFO - ================================================================================
2025-10-14 10:18:12 - INFO - 
2025-10-14 10:18:46 - INFO - ================================================================================
2025-10-14 10:18:46 - INFO - BUY ORDER EXECUTED: BTR/USDT:USDT
2025-10-14 10:18:46 - INFO - --------------------------------------------------------------------------------
2025-10-14 10:18:46 - INFO -   Order ID: 367491175365554177
2025-10-14 10:18:46 - INFO -   Type: MARKET
2025-10-14 10:18:46 - INFO -   Side: BUY
2025-10-14 10:18:46 - INFO -   Symbol: BTR/USDT:USDT
2025-10-14 10:18:46 - INFO -   Amount: 1.0 contracts
2025-10-14 10:18:46 - INFO -   Leverage: 2x
2025-10-14 10:18:46 - INFO -   Reference Price: 0.0565
2025-10-14 10:18:46 - INFO -   Average Fill Price: 0.0566
2025-10-14 10:18:46 - INFO -   Filled Amount: 1.0
2025-10-14 10:18:46 - INFO -   Total Cost: 0.566
2025-10-14 10:18:46 - INFO -   Status: closed
2025-10-14 10:18:46 - INFO -   Timestamp: 2025-10-14 10:18:45
2025-10-14 10:18:46 - INFO -   Slippage: 0.1770%
2025-10-14 10:18:46 - INFO - ================================================================================
2025-10-14 10:18:46 - INFO - 
2025-10-14 10:22:17 - INFO - ================================================================================
2025-10-14 10:22:17 - INFO - SELL ORDER EXECUTED: FLOCK/USDT:USDT
2025-10-14 10:22:17 - INFO - --------------------------------------------------------------------------------
2025-10-14 10:22:17 - INFO -   Order ID: 367492059520589824
2025-10-14 10:22:17 - INFO -   Type: MARKET
2025-10-14 10:22:17 - INFO -   Side: SELL
2025-10-14 10:22:17 - INFO -   Symbol: FLOCK/USDT:USDT
2025-10-14 10:22:17 - INFO -   Amount: 3.4282787210414605 contracts
2025-10-14 10:22:17 - INFO -   Leverage: 2x
2025-10-14 10:22:17 - INFO -   Reference Price: 0.21201
2025-10-14 10:22:17 - INFO -   Average Fill Price: 0.21023
2025-10-14 10:22:17 - INFO -   Filled Amount: 3.0
2025-10-14 10:22:17 - INFO -   Total Cost: 6.3069
2025-10-14 10:22:17 - INFO -   Status: closed
2025-10-14 10:22:17 - INFO -   Timestamp: 2025-10-14 10:22:16
2025-10-14 10:22:17 - INFO -   Slippage: 0.8396%
2025-10-14 10:22:17 - INFO - ================================================================================
2025-10-14 10:22:17 - INFO - 
2025-10-14 10:22:17 - INFO - ================================================================================
2025-10-14 10:22:17 - INFO - STOP LOSS & TAKE PROFIT SET: FLOCK/USDT:USDT
2025-10-14 10:22:17 - INFO - --------------------------------------------------------------------------------
2025-10-14 10:22:17 - INFO -   Symbol: FLOCK/USDT:USDT
2025-10-14 10:22:17 - INFO -   Position Side: SELL (SHORT)
2025-10-14 10:22:17 - INFO -   Entry Price: 0.21
2025-10-14 10:22:17 - INFO -   Amount: 4.700982210273101 contracts
2025-10-14 10:22:17 - INFO -   Leverage: 2x
2025-10-14 10:22:17 - INFO - 
2025-10-14 10:22:17 - INFO -   Stop Loss Price: 0.22
2025-10-14 10:22:17 - INFO -   Stop Loss %: 4.00% from entry
2025-10-14 10:22:17 - INFO -   Stop Loss Type: Monitored (closes position when price reaches SL)
2025-10-14 10:22:17 - INFO - 
2025-10-14 10:22:17 - INFO -   Take Profit Price: 0.19
2025-10-14 10:22:17 - INFO -   Take Profit %: 12.00% from entry
2025-10-14 10:22:17 - INFO -   Take Profit Type: Monitored (closes position when price reaches TP)
2025-10-14 10:22:17 - INFO - 
2025-10-14 10:22:17 - INFO -   Risk/Reward Ratio: 1:3.00
2025-10-14 10:22:17 - INFO -   Timestamp: 2025-10-14 10:22:17
2025-10-14 10:22:17 - INFO - ================================================================================
2025-10-14 10:22:17 - INFO - 
